# JRE version: OpenJDK Runtime Environment Temurin-21.0.11+10 (21.0.11+10) (build 21.0.11+10-LTS)
# Java VM: OpenJDK 64-Bit Server VM Temurin-21.0.11+10 (21.0.11+10-LTS, mixed mode, sharing, tiered, compressed oops, compressed class ptrs, parallel gc, windows-amd64)
GC Precious Log:
 CardTable entry size: 512
 CPUs: 4 total, 4 available
 Memory: 16336M
 Large Page Support: Disabled
 NUMA Support: Disabled
 Compressed Oops: Enabled (32-bit)
 Alignments: Space 512K, Generation 512K, Heap 2M
 Heap Min Capacity: 100M
 Heap Initial Capacity: 100M
 Heap Max Capacity: 2G
 Pre-touch: Disabled
 Parallel Workers: 4
Heap:
 PSYoungGen      total 15872K, used 13395K [0x00000000d5580000, 0x00000000d6600000, 0x0000000100000000)
  eden space 14336K, 89% used [0x00000000d5580000,0x00000000d62173a8,0x00000000d6380000)
  from space 1536K, 32% used [0x00000000d6380000,0x00000000d63fda20,0x00000000d6500000)
  to   space 1024K, 0% used [0x00000000d6500000,0x00000000d6500000,0x00000000d6600000)
 ParOldGen       total 68608K, used 67684K [0x0000000080000000, 0x0000000084300000, 0x00000000d5580000)
  object space 68608K, 98% used [0x0000000080000000,0x0000000084219360,0x0000000084300000)
 Metaspace       used 57135K, committed 58496K, reserved 1114112K
  class space    used 6091K, committed 6656K, reserved 1048576K
GC Heap History (20 events):
Event: 11.173 GC heap before
{Heap before GC invocations=32 (full 2):
 PSYoungGen      total 19456K, used 19429K [0x00000000d5580000, 0x00000000d6c80000, 0x0000000100000000)
  eden space 18432K, 100% used [0x00000000d5580000,0x00000000d6780000,0x00000000d6780000)
  from space 1024K, 97% used [0x00000000d6980000,0x00000000d6a797d8,0x00000000d6a80000)
  to   space 2048K, 0% used [0x00000000d6a80000,0x00000000d6a80000,0x00000000d6c80000)
 ParOldGen       total 68608K, used 52499K [0x0000000080000000, 0x0000000084300000, 0x00000000d5580000)
  object space 68608K, 76% used [0x0000000080000000,0x0000000083344cd0,0x0000000084300000)
 Metaspace       used 53977K, committed 55296K, reserved 1114112K
  class space    used 5852K, committed 6400K, reserved 1048576K
}
Event: 11.177 GC heap after
{Heap after GC invocations=32 (full 2):
 PSYoungGen      total 16896K, used 2044K [0x00000000d5580000, 0x00000000d7480000, 0x0000000100000000)
  eden space 14848K, 0% used [0x00000000d5580000,0x00000000d5580000,0x00000000d6400000)
  from space 2048K, 99% used [0x00000000d6a80000,0x00000000d6c7f388,0x00000000d6c80000)
  to   space 6656K, 0% used [0x00000000d6400000,0x00000000d6400000,0x00000000d6a80000)
 ParOldGen       total 68608K, used 55947K [0x0000000080000000, 0x0000000084300000, 0x00000000d5580000)
  object space 68608K, 81% used [0x0000000080000000,0x00000000836a2df8,0x0000000084300000)
 Metaspace       used 53977K, committed 55296K, reserved 1114112K
  class space    used 5852K, committed 6400K, reserved 1048576K
}
Event: 12.013 GC heap before
{Heap before GC invocations=33 (full 2):
 PSYoungGen      total 16896K, used 16892K [0x00000000d5580000, 0x00000000d7480000, 0x0000000100000000)
  eden space 14848K, 100% used [0x00000000d5580000,0x00000000d6400000,0x00000000d6400000)
  from space 2048K, 99% used [0x00000000d6a80000,0x00000000d6c7f388,0x00000000d6c80000)
  to   space 6656K, 0% used [0x00000000d6400000,0x00000000d6400000,0x00000000d6a80000)
 ParOldGen       total 68608K, used 55947K [0x0000000080000000, 0x0000000084300000, 0x00000000d5580000)
  object space 68608K, 81% used [0x0000000080000000,0x00000000836a2df8,0x0000000084300000)
 Metaspace       used 54550K, committed 55936K, reserved 1114112K
  class space    used 5894K, committed 6464K, reserved 1048576K
}
Event: 12.016 GC heap after
{Heap after GC invocations=33 (full 2):
 PSYoungGen      total 17408K, used 2394K [0x00000000d5580000, 0x00000000d6b00000, 0x0000000100000000)
  eden space 14848K, 0% used [0x00000000d5580000,0x00000000d5580000,0x00000000d6400000)
  from space 2560K, 93% used [0x00000000d6400000,0x00000000d6656b00,0x00000000d6680000)
  to   space 3584K, 0% used [0x00000000d6780000,0x00000000d6780000,0x00000000d6b00000)
 ParOldGen       total 68608K, used 57935K [0x0000000080000000, 0x0000000084300000, 0x00000000d5580000)
  object space 68608K, 84% used [0x0000000080000000,0x0000000083893e28,0x0000000084300000)
 Metaspace       used 54550K, committed 55936K, reserved 1114112K
  class space    used 5894K, committed 6464K, reserved 1048576K
}
Event: 12.481 GC heap before
{Heap before GC invocations=34 (full 2):
 PSYoungGen      total 17408K, used 17242K [0x00000000d5580000, 0x00000000d6b00000, 0x0000000100000000)
  eden space 14848K, 100% used [0x00000000d5580000,0x00000000d6400000,0x00000000d6400000)
  from space 2560K, 93% used [0x00000000d6400000,0x00000000d6656b00,0x00000000d6680000)
  to   space 3584K, 0% used [0x00000000d6780000,0x00000000d6780000,0x00000000d6b00000)
 ParOldGen       total 68608K, used 57935K [0x0000000080000000, 0x0000000084300000, 0x00000000d5580000)
  object space 68608K, 84% used [0x0000000080000000,0x0000000083893e28,0x0000000084300000)
 Metaspace       used 54666K, committed 56064K, reserved 1114112K
  class space    used 5903K, committed 6464K, reserved 1048576K
}
Event: 12.485 GC heap after
{Heap after GC invocations=34 (full 2):
 PSYoungGen      total 15872K, used 944K [0x00000000d5580000, 0x00000000d6880000, 0x0000000100000000)
  eden space 14848K, 0% used [0x00000000d5580000,0x00000000d5580000,0x00000000d6400000)
  from space 1024K, 92% used [0x00000000d6780000,0x00000000d686c050,0x00000000d6880000)
  to   space 2048K, 0% used [0x00000000d6480000,0x00000000d6480000,0x00000000d6680000)
 ParOldGen       total 68608K, used 60238K [0x0000000080000000, 0x0000000084300000, 0x00000000d5580000)
  object space 68608K, 87% used [0x0000000080000000,0x0000000083ad3a68,0x0000000084300000)
 Metaspace       used 54666K, committed 56064K, reserved 1114112K
  class space    used 5903K, committed 6464K, reserved 1048576K
}
Event: 13.512 GC heap before
{Heap before GC invocations=35 (full 2):
 PSYoungGen      total 15872K, used 15792K [0x00000000d5580000, 0x00000000d6880000, 0x0000000100000000)
  eden space 14848K, 100% used [0x00000000d5580000,0x00000000d6400000,0x00000000d6400000)
  from space 1024K, 92% used [0x00000000d6780000,0x00000000d686c050,0x00000000d6880000)
  to   space 2048K, 0% used [0x00000000d6480000,0x00000000d6480000,0x00000000d6680000)
 ParOldGen       total 68608K, used 60238K [0x0000000080000000, 0x0000000084300000, 0x00000000d5580000)
  object space 68608K, 87% used [0x0000000080000000,0x0000000083ad3a68,0x0000000084300000)
 Metaspace       used 54762K, committed 56256K, reserved 1114112K
  class space    used 5906K, committed 6528K, reserved 1048576K
}
Event: 13.514 GC heap after
{Heap after GC invocations=35 (full 2):
 PSYoungGen      total 16896K, used 992K [0x00000000d5580000, 0x00000000d6800000, 0x0000000100000000)
  eden space 14848K, 0% used [0x00000000d5580000,0x00000000d5580000,0x00000000d6400000)
  from space 2048K, 48% used [0x00000000d6480000,0x00000000d6578060,0x00000000d6680000)
  to   space 1536K, 0% used [0x00000000d6680000,0x00000000d6680000,0x00000000d6800000)
 ParOldGen       total 68608K, used 61110K [0x0000000080000000, 0x0000000084300000, 0x00000000d5580000)
  object space 68608K, 89% used [0x0000000080000000,0x0000000083badb08,0x0000000084300000)
 Metaspace       used 54762K, committed 56256K, reserved 1114112K
  class space    used 5906K, committed 6528K, reserved 1048576K
}
Event: 14.017 GC heap before
{Heap before GC invocations=36 (full 2):
 PSYoungGen      total 16896K, used 15840K [0x00000000d5580000, 0x00000000d6800000, 0x0000000100000000)
  eden space 14848K, 100% used [0x00000000d5580000,0x00000000d6400000,0x00000000d6400000)
  from space 2048K, 48% used [0x00000000d6480000,0x00000000d6578060,0x00000000d6680000)
  to   space 1536K, 0% used [0x00000000d6680000,0x00000000d6680000,0x00000000d6800000)
 ParOldGen       total 68608K, used 61110K [0x0000000080000000, 0x0000000084300000, 0x00000000d5580000)
  object space 68608K, 89% used [0x0000000080000000,0x0000000083badb08,0x0000000084300000)
 Metaspace       used 54789K, committed 56256K, reserved 1114112K
  class space    used 5907K, committed 6528K, reserved 1048576K
}
Event: 14.019 GC heap after
{Heap after GC invocations=36 (full 2):
 PSYoungGen      total 15872K, used 912K [0x00000000d5580000, 0x00000000d6780000, 0x0000000100000000)
  eden space 14848K, 0% used [0x00000000d5580000,0x00000000d5580000,0x00000000d6400000)
  from space 1024K, 89% used [0x00000000d6680000,0x00000000d6764030,0x00000000d6780000)
  to   space 1024K, 0% used [0x00000000d6580000,0x00000000d6580000,0x00000000d6680000)
 ParOldGen       total 68608K, used 62071K [0x0000000080000000, 0x0000000084300000, 0x00000000d5580000)
  object space 68608K, 90% used [0x0000000080000000,0x0000000083c9dc08,0x0000000084300000)
 Metaspace       used 54789K, committed 56256K, reserved 1114112K
  class space    used 5907K, committed 6528K, reserved 1048576K
}
Event: 14.444 GC heap before
{Heap before GC invocations=37 (full 2):
 PSYoungGen      total 15872K, used 15760K [0x00000000d5580000, 0x00000000d6780000, 0x0000000100000000)
  eden space 14848K, 100% used [0x00000000d5580000,0x00000000d6400000,0x00000000d6400000)
  from space 1024K, 89% used [0x00000000d6680000,0x00000000d6764030,0x00000000d6780000)
  to   space 1024K, 0% used [0x00000000d6580000,0x00000000d6580000,0x00000000d6680000)
 ParOldGen       total 68608K, used 62071K [0x0000000080000000, 0x0000000084300000, 0x00000000d5580000)
  object space 68608K, 90% used [0x0000000080000000,0x0000000083c9dc08,0x0000000084300000)
 Metaspace       used 54852K, committed 56320K, reserved 1114112K
  class space    used 5907K, committed 6528K, reserved 1048576K
}
Event: 14.449 GC heap after
{Heap after GC invocations=37 (full 2):
 PSYoungGen      total 15872K, used 928K [0x00000000d5580000, 0x00000000d6700000, 0x0000000100000000)
  eden space 14848K, 0% used [0x00000000d5580000,0x00000000d5580000,0x00000000d6400000)
  from space 1024K, 90% used [0x00000000d6580000,0x00000000d6668040,0x00000000d6680000)
  to   space 512K, 0% used [0x00000000d6680000,0x00000000d6680000,0x00000000d6700000)
 ParOldGen       total 68608K, used 62935K [0x0000000080000000, 0x0000000084300000, 0x00000000d5580000)
  object space 68608K, 91% used [0x0000000080000000,0x0000000083d75ca8,0x0000000084300000)
 Metaspace       used 54852K, committed 56320K, reserved 1114112K
  class space    used 5907K, committed 6528K, reserved 1048576K
}
Event: 15.256 GC heap before
{Heap before GC invocations=38 (full 2):
 PSYoungGen      total 15872K, used 15776K [0x00000000d5580000, 0x00000000d6700000, 0x0000000100000000)
  eden space 14848K, 100% used [0x00000000d5580000,0x00000000d6400000,0x00000000d6400000)
  from space 1024K, 90% used [0x00000000d6580000,0x00000000d6668040,0x00000000d6680000)
  to   space 512K, 0% used [0x00000000d6680000,0x00000000d6680000,0x00000000d6700000)
 ParOldGen       total 68608K, used 62935K [0x0000000080000000, 0x0000000084300000, 0x00000000d5580000)
  object space 68608K, 91% used [0x0000000080000000,0x0000000083d75ca8,0x0000000084300000)
 Metaspace       used 55500K, committed 56896K, reserved 1114112K
  class space    used 5965K, committed 6528K, reserved 1048576K
}
Event: 15.259 GC heap after
{Heap after GC invocations=38 (full 2):
 PSYoungGen      total 14848K, used 512K [0x00000000d5580000, 0x00000000d6a00000, 0x0000000100000000)
  eden space 14336K, 0% used [0x00000000d5580000,0x00000000d5580000,0x00000000d6380000)
  from space 512K, 100% used [0x00000000d6680000,0x00000000d6700000,0x00000000d6700000)
  to   space 3072K, 0% used [0x00000000d6380000,0x00000000d6380000,0x00000000d6680000)
 ParOldGen       total 68608K, used 65029K [0x0000000080000000, 0x0000000084300000, 0x00000000d5580000)
  object space 68608K, 94% used [0x0000000080000000,0x0000000083f814a8,0x0000000084300000)
 Metaspace       used 55500K, committed 56896K, reserved 1114112K
  class space    used 5965K, committed 6528K, reserved 1048576K
}
Event: 16.559 GC heap before
{Heap before GC invocations=39 (full 2):
 PSYoungGen      total 14848K, used 14848K [0x00000000d5580000, 0x00000000d6a00000, 0x0000000100000000)
  eden space 14336K, 100% used [0x00000000d5580000,0x00000000d6380000,0x00000000d6380000)
  from space 512K, 100% used [0x00000000d6680000,0x00000000d6700000,0x00000000d6700000)
  to   space 3072K, 0% used [0x00000000d6380000,0x00000000d6380000,0x00000000d6680000)
 ParOldGen       total 68608K, used 65029K [0x0000000080000000, 0x0000000084300000, 0x00000000d5580000)
  object space 68608K, 94% used [0x0000000080000000,0x0000000083f814a8,0x0000000084300000)
 Metaspace       used 56154K, committed 57600K, reserved 1114112K
  class space    used 5990K, committed 6592K, reserved 1048576K
}
Event: 16.562 GC heap after
{Heap after GC invocations=39 (full 2):
 PSYoungGen      total 15872K, used 1401K [0x00000000d5580000, 0x00000000d6780000, 0x0000000100000000)
  eden space 14336K, 0% used [0x00000000d5580000,0x00000000d5580000,0x00000000d6380000)
  from space 1536K, 91% used [0x00000000d6380000,0x00000000d64de580,0x00000000d6500000)
  to   space 2048K, 0% used [0x00000000d6580000,0x00000000d6580000,0x00000000d6780000)
 ParOldGen       total 68608K, used 65557K [0x0000000080000000, 0x0000000084300000, 0x00000000d5580000)
  object space 68608K, 95% used [0x0000000080000000,0x00000000840054a8,0x0000000084300000)
 Metaspace       used 56154K, committed 57600K, reserved 1114112K
  class space    used 5990K, committed 6592K, reserved 1048576K
}
Event: 17.201 GC heap before
{Heap before GC invocations=40 (full 2):
 PSYoungGen      total 15872K, used 15737K [0x00000000d5580000, 0x00000000d6780000, 0x0000000100000000)
  eden space 14336K, 100% used [0x00000000d5580000,0x00000000d6380000,0x00000000d6380000)
  from space 1536K, 91% used [0x00000000d6380000,0x00000000d64de580,0x00000000d6500000)
  to   space 2048K, 0% used [0x00000000d6580000,0x00000000d6580000,0x00000000d6780000)
 ParOldGen       total 68608K, used 65557K [0x0000000080000000, 0x0000000084300000, 0x00000000d5580000)
  object space 68608K, 95% used [0x0000000080000000,0x00000000840054a8,0x0000000084300000)
 Metaspace       used 56319K, committed 57728K, reserved 1114112K
  class space    used 5992K, committed 6592K, reserved 1048576K
}
Event: 17.205 GC heap after
{Heap after GC invocations=40 (full 2):
 PSYoungGen      total 15360K, used 832K [0x00000000d5580000, 0x00000000d6680000, 0x0000000100000000)
  eden space 14336K, 0% used [0x00000000d5580000,0x00000000d5580000,0x00000000d6380000)
  from space 1024K, 81% used [0x00000000d6580000,0x00000000d6650000,0x00000000d6680000)
  to   space 1536K, 0% used [0x00000000d6380000,0x00000000d6380000,0x00000000d6500000)
 ParOldGen       total 68608K, used 66912K [0x0000000080000000, 0x0000000084300000, 0x00000000d5580000)
  object space 68608K, 97% used [0x0000000080000000,0x00000000841581b0,0x0000000084300000)
 Metaspace       used 56319K, committed 57728K, reserved 1114112K
  class space    used 5992K, committed 6592K, reserved 1048576K
}
Event: 17.619 GC heap before
{Heap before GC invocations=41 (full 2):
 PSYoungGen      total 15360K, used 15168K [0x00000000d5580000, 0x00000000d6680000, 0x0000000100000000)
  eden space 14336K, 100% used [0x00000000d5580000,0x00000000d6380000,0x00000000d6380000)
  from space 1024K, 81% used [0x00000000d6580000,0x00000000d6650000,0x00000000d6680000)
  to   space 1536K, 0% used [0x00000000d6380000,0x00000000d6380000,0x00000000d6500000)
 ParOldGen       total 68608K, used 66912K [0x0000000080000000, 0x0000000084300000, 0x00000000d5580000)
  object space 68608K, 97% used [0x0000000080000000,0x00000000841581b0,0x0000000084300000)
 Metaspace       used 56336K, committed 57728K, reserved 1114112K
  class space    used 5992K, committed 6592K, reserved 1048576K
}
Event: 17.621 GC heap after
{Heap after GC invocations=41 (full 2):
 PSYoungGen      total 15872K, used 502K [0x00000000d5580000, 0x00000000d6600000, 0x0000000100000000)
  eden space 14336K, 0% used [0x00000000d5580000,0x00000000d5580000,0x00000000d6380000)
  from space 1536K, 32% used [0x00000000d6380000,0x00000000d63fda20,0x00000000d6500000)
  to   space 1024K, 0% used [0x00000000d6500000,0x00000000d6500000,0x00000000d6600000)
 ParOldGen       total 68608K, used 67684K [0x0000000080000000, 0x0000000084300000, 0x00000000d5580000)
  object space 68608K, 98% used [0x0000000080000000,0x0000000084219360,0x0000000084300000)
 Metaspace       used 56336K, committed 57728K, reserved 1114112K
  class space    used 5992K, committed 6592K, reserved 1048576K
}

