# JRE version: OpenJDK Runtime Environment Temurin-21.0.11+10 (21.0.11+10) (build 21.0.11+10-LTS)
# Java VM: OpenJDK 64-Bit Server VM Temurin-21.0.11+10 (21.0.11+10-LTS, mixed mode, sharing, tiered, compressed oops, compressed class ptrs, parallel gc, windows-amd64)
GC Precious Log:
 CardTable entry size: 512
 CPUs: 4 total, 4 available
 Memory: 16336M
 Large Page Support: Disabled
 NUMA Support: Disabled
 Compressed Oops: Enabled (32-bit)
 Alignments: Space 512K, Generation 512K, Heap 2M
 Heap Min Capacity: 100M
 Heap Initial Capacity: 100M
 Heap Max Capacity: 2G
 Pre-touch: Disabled
 Parallel Workers: 4
Heap:
 PSYoungGen      total 7168K, used 6670K [0x00000000d5580000, 0x00000000d5e80000, 0x0000000100000000)
  eden space 6656K, 92% used [0x00000000d5580000,0x00000000d5b89d88,0x00000000d5c00000)
  from space 512K, 95% used [0x00000000d5d80000,0x00000000d5df9b68,0x00000000d5e00000)
  to   space 512K, 0% used [0x00000000d5e00000,0x00000000d5e00000,0x00000000d5e80000)
 ParOldGen       total 107008K, used 106593K [0x0000000080000000, 0x0000000086880000, 0x00000000d5580000)
  object space 107008K, 99% used [0x0000000080000000,0x0000000086818470,0x0000000086880000)
 Metaspace       used 72510K, committed 74112K, reserved 1179648K
  class space    used 7522K, committed 8256K, reserved 1048576K
GC Heap History (20 events):
Event: 83.389 GC heap before
{Heap before GC invocations=145 (full 3):
 PSYoungGen      total 7168K, used 7008K [0x00000000d5580000, 0x00000000d5e80000, 0x0000000100000000)
  eden space 6656K, 100% used [0x00000000d5580000,0x00000000d5c00000,0x00000000d5c00000)
  from space 512K, 68% used [0x00000000d5d80000,0x00000000d5dd8000,0x00000000d5e00000)
  to   space 512K, 0% used [0x00000000d5e00000,0x00000000d5e00000,0x00000000d5e80000)
 ParOldGen       total 105472K, used 105128K [0x0000000080000000, 0x0000000086700000, 0x00000000d5580000)
  object space 105472K, 99% used [0x0000000080000000,0x00000000866aa1d0,0x0000000086700000)
 Metaspace       used 71207K, committed 72768K, reserved 1114112K
  class space    used 7370K, committed 8064K, reserved 1048576K
}
Event: 83.390 GC heap after
{Heap after GC invocations=145 (full 3):
 PSYoungGen      total 7168K, used 224K [0x00000000d5580000, 0x00000000d5e80000, 0x0000000100000000)
  eden space 6656K, 0% used [0x00000000d5580000,0x00000000d5580000,0x00000000d5c00000)
  from space 512K, 43% used [0x00000000d5e00000,0x00000000d5e38000,0x00000000d5e80000)
  to   space 512K, 0% used [0x00000000d5d80000,0x00000000d5d80000,0x00000000d5e00000)
 ParOldGen       total 105472K, used 105392K [0x0000000080000000, 0x0000000086700000, 0x00000000d5580000)
  object space 105472K, 99% used [0x0000000080000000,0x00000000866ec1d0,0x0000000086700000)
 Metaspace       used 71207K, committed 72768K, reserved 1114112K
  class space    used 7370K, committed 8064K, reserved 1048576K
}
Event: 83.405 GC heap before
{Heap before GC invocations=146 (full 3):
 PSYoungGen      total 7168K, used 6847K [0x00000000d5580000, 0x00000000d5e80000, 0x0000000100000000)
  eden space 6656K, 99% used [0x00000000d5580000,0x00000000d5bf7c28,0x00000000d5c00000)
  from space 512K, 43% used [0x00000000d5e00000,0x00000000d5e38000,0x00000000d5e80000)
  to   space 512K, 0% used [0x00000000d5d80000,0x00000000d5d80000,0x00000000d5e00000)
 ParOldGen       total 105472K, used 105392K [0x0000000080000000, 0x0000000086700000, 0x00000000d5580000)
  object space 105472K, 99% used [0x0000000080000000,0x00000000866ec1d0,0x0000000086700000)
 Metaspace       used 71208K, committed 72832K, reserved 1114112K
  class space    used 7370K, committed 8064K, reserved 1048576K
}
Event: 83.405 GC heap after
{Heap after GC invocations=146 (full 3):
 PSYoungGen      total 7168K, used 160K [0x00000000d5580000, 0x00000000d5e80000, 0x0000000100000000)
  eden space 6656K, 0% used [0x00000000d5580000,0x00000000d5580000,0x00000000d5c00000)
  from space 512K, 31% used [0x00000000d5d80000,0x00000000d5da8000,0x00000000d5e00000)
  to   space 512K, 0% used [0x00000000d5e00000,0x00000000d5e00000,0x00000000d5e80000)
 ParOldGen       total 105984K, used 105544K [0x0000000080000000, 0x0000000086780000, 0x00000000d5580000)
  object space 105984K, 99% used [0x0000000080000000,0x00000000867121d0,0x0000000086780000)
 Metaspace       used 71208K, committed 72832K, reserved 1114112K
  class space    used 7370K, committed 8064K, reserved 1048576K
}
Event: 83.433 GC heap before
{Heap before GC invocations=147 (full 3):
 PSYoungGen      total 7168K, used 6816K [0x00000000d5580000, 0x00000000d5e80000, 0x0000000100000000)
  eden space 6656K, 100% used [0x00000000d5580000,0x00000000d5c00000,0x00000000d5c00000)
  from space 512K, 31% used [0x00000000d5d80000,0x00000000d5da8000,0x00000000d5e00000)
  to   space 512K, 0% used [0x00000000d5e00000,0x00000000d5e00000,0x00000000d5e80000)
 ParOldGen       total 105984K, used 105544K [0x0000000080000000, 0x0000000086780000, 0x00000000d5580000)
  object space 105984K, 99% used [0x0000000080000000,0x00000000867121d0,0x0000000086780000)
 Metaspace       used 71210K, committed 72832K, reserved 1114112K
  class space    used 7370K, committed 8064K, reserved 1048576K
}
Event: 83.434 GC heap after
{Heap after GC invocations=147 (full 3):
 PSYoungGen      total 7168K, used 192K [0x00000000d5580000, 0x00000000d5e80000, 0x0000000100000000)
  eden space 6656K, 0% used [0x00000000d5580000,0x00000000d5580000,0x00000000d5c00000)
  from space 512K, 37% used [0x00000000d5e00000,0x00000000d5e30000,0x00000000d5e80000)
  to   space 512K, 0% used [0x00000000d5d80000,0x00000000d5d80000,0x00000000d5e00000)
 ParOldGen       total 105984K, used 105648K [0x0000000080000000, 0x0000000086780000, 0x00000000d5580000)
  object space 105984K, 99% used [0x0000000080000000,0x000000008672c1d0,0x0000000086780000)
 Metaspace       used 71210K, committed 72832K, reserved 1114112K
  class space    used 7370K, committed 8064K, reserved 1048576K
}
Event: 83.450 GC heap before
{Heap before GC invocations=148 (full 3):
 PSYoungGen      total 7168K, used 6848K [0x00000000d5580000, 0x00000000d5e80000, 0x0000000100000000)
  eden space 6656K, 100% used [0x00000000d5580000,0x00000000d5c00000,0x00000000d5c00000)
  from space 512K, 37% used [0x00000000d5e00000,0x00000000d5e30000,0x00000000d5e80000)
  to   space 512K, 0% used [0x00000000d5d80000,0x00000000d5d80000,0x00000000d5e00000)
 ParOldGen       total 105984K, used 105648K [0x0000000080000000, 0x0000000086780000, 0x00000000d5580000)
  object space 105984K, 99% used [0x0000000080000000,0x000000008672c1d0,0x0000000086780000)
 Metaspace       used 71210K, committed 72832K, reserved 1114112K
  class space    used 7370K, committed 8064K, reserved 1048576K
}
Event: 83.451 GC heap after
{Heap after GC invocations=148 (full 3):
 PSYoungGen      total 7168K, used 322K [0x00000000d5580000, 0x00000000d5e80000, 0x0000000100000000)
  eden space 6656K, 0% used [0x00000000d5580000,0x00000000d5580000,0x00000000d5c00000)
  from space 512K, 62% used [0x00000000d5d80000,0x00000000d5dd0900,0x00000000d5e00000)
  to   space 512K, 0% used [0x00000000d5e00000,0x00000000d5e00000,0x00000000d5e80000)
 ParOldGen       total 105984K, used 105768K [0x0000000080000000, 0x0000000086780000, 0x00000000d5580000)
  object space 105984K, 99% used [0x0000000080000000,0x000000008674a1d0,0x0000000086780000)
 Metaspace       used 71210K, committed 72832K, reserved 1114112K
  class space    used 7370K, committed 8064K, reserved 1048576K
}
Event: 83.473 GC heap before
{Heap before GC invocations=149 (full 3):
 PSYoungGen      total 7168K, used 6978K [0x00000000d5580000, 0x00000000d5e80000, 0x0000000100000000)
  eden space 6656K, 100% used [0x00000000d5580000,0x00000000d5c00000,0x00000000d5c00000)
  from space 512K, 62% used [0x00000000d5d80000,0x00000000d5dd0900,0x00000000d5e00000)
  to   space 512K, 0% used [0x00000000d5e00000,0x00000000d5e00000,0x00000000d5e80000)
 ParOldGen       total 105984K, used 105768K [0x0000000080000000, 0x0000000086780000, 0x00000000d5580000)
  object space 105984K, 99% used [0x0000000080000000,0x000000008674a1d0,0x0000000086780000)
 Metaspace       used 71212K, committed 72832K, reserved 1114112K
  class space    used 7370K, committed 8064K, reserved 1048576K
}
Event: 83.473 GC heap after
{Heap after GC invocations=149 (full 3):
 PSYoungGen      total 7168K, used 290K [0x00000000d5580000, 0x00000000d5e80000, 0x0000000100000000)
  eden space 6656K, 0% used [0x00000000d5580000,0x00000000d5580000,0x00000000d5c00000)
  from space 512K, 56% used [0x00000000d5e00000,0x00000000d5e48928,0x00000000d5e80000)
  to   space 512K, 0% used [0x00000000d5d80000,0x00000000d5d80000,0x00000000d5e00000)
 ParOldGen       total 105984K, used 105872K [0x0000000080000000, 0x0000000086780000, 0x00000000d5580000)
  object space 105984K, 99% used [0x0000000080000000,0x00000000867641d0,0x0000000086780000)
 Metaspace       used 71212K, committed 72832K, reserved 1114112K
  class space    used 7370K, committed 8064K, reserved 1048576K
}
Event: 83.491 GC heap before
{Heap before GC invocations=150 (full 3):
 PSYoungGen      total 7168K, used 6946K [0x00000000d5580000, 0x00000000d5e80000, 0x0000000100000000)
  eden space 6656K, 100% used [0x00000000d5580000,0x00000000d5c00000,0x00000000d5c00000)
  from space 512K, 56% used [0x00000000d5e00000,0x00000000d5e48928,0x00000000d5e80000)
  to   space 512K, 0% used [0x00000000d5d80000,0x00000000d5d80000,0x00000000d5e00000)
 ParOldGen       total 105984K, used 105872K [0x0000000080000000, 0x0000000086780000, 0x00000000d5580000)
  object space 105984K, 99% used [0x0000000080000000,0x00000000867641d0,0x0000000086780000)
 Metaspace       used 71213K, committed 72832K, reserved 1114112K
  class space    used 7370K, committed 8064K, reserved 1048576K
}
Event: 83.492 GC heap after
{Heap after GC invocations=150 (full 3):
 PSYoungGen      total 7168K, used 253K [0x00000000d5580000, 0x00000000d5e80000, 0x0000000100000000)
  eden space 6656K, 0% used [0x00000000d5580000,0x00000000d5580000,0x00000000d5c00000)
  from space 512K, 49% used [0x00000000d5d80000,0x00000000d5dbf728,0x00000000d5e00000)
  to   space 512K, 0% used [0x00000000d5e00000,0x00000000d5e00000,0x00000000d5e80000)
 ParOldGen       total 106496K, used 105992K [0x0000000080000000, 0x0000000086800000, 0x00000000d5580000)
  object space 106496K, 99% used [0x0000000080000000,0x00000000867821d0,0x0000000086800000)
 Metaspace       used 71213K, committed 72832K, reserved 1114112K
  class space    used 7370K, committed 8064K, reserved 1048576K
}
Event: 83.524 GC heap before
{Heap before GC invocations=151 (full 3):
 PSYoungGen      total 7168K, used 6909K [0x00000000d5580000, 0x00000000d5e80000, 0x0000000100000000)
  eden space 6656K, 100% used [0x00000000d5580000,0x00000000d5c00000,0x00000000d5c00000)
  from space 512K, 49% used [0x00000000d5d80000,0x00000000d5dbf728,0x00000000d5e00000)
  to   space 512K, 0% used [0x00000000d5e00000,0x00000000d5e00000,0x00000000d5e80000)
 ParOldGen       total 106496K, used 105992K [0x0000000080000000, 0x0000000086800000, 0x00000000d5580000)
  object space 106496K, 99% used [0x0000000080000000,0x00000000867821d0,0x0000000086800000)
 Metaspace       used 71230K, committed 72832K, reserved 1114112K
  class space    used 7370K, committed 8064K, reserved 1048576K
}
Event: 83.525 GC heap after
{Heap after GC invocations=151 (full 3):
 PSYoungGen      total 7168K, used 296K [0x00000000d5580000, 0x00000000d5e80000, 0x0000000100000000)
  eden space 6656K, 0% used [0x00000000d5580000,0x00000000d5580000,0x00000000d5c00000)
  from space 512K, 57% used [0x00000000d5e00000,0x00000000d5e4a008,0x00000000d5e80000)
  to   space 512K, 0% used [0x00000000d5d80000,0x00000000d5d80000,0x00000000d5e00000)
 ParOldGen       total 106496K, used 106120K [0x0000000080000000, 0x0000000086800000, 0x00000000d5580000)
  object space 106496K, 99% used [0x0000000080000000,0x00000000867a21d0,0x0000000086800000)
 Metaspace       used 71230K, committed 72832K, reserved 1114112K
  class space    used 7370K, committed 8064K, reserved 1048576K
}
Event: 83.582 GC heap before
{Heap before GC invocations=152 (full 3):
 PSYoungGen      total 7168K, used 6952K [0x00000000d5580000, 0x00000000d5e80000, 0x0000000100000000)
  eden space 6656K, 100% used [0x00000000d5580000,0x00000000d5c00000,0x00000000d5c00000)
  from space 512K, 57% used [0x00000000d5e00000,0x00000000d5e4a008,0x00000000d5e80000)
  to   space 512K, 0% used [0x00000000d5d80000,0x00000000d5d80000,0x00000000d5e00000)
 ParOldGen       total 106496K, used 106120K [0x0000000080000000, 0x0000000086800000, 0x00000000d5580000)
  object space 106496K, 99% used [0x0000000080000000,0x00000000867a21d0,0x0000000086800000)
 Metaspace       used 71368K, committed 72960K, reserved 1114112K
  class space    used 7384K, committed 8064K, reserved 1048576K
}
Event: 83.583 GC heap after
{Heap after GC invocations=152 (full 3):
 PSYoungGen      total 7168K, used 442K [0x00000000d5580000, 0x00000000d5e80000, 0x0000000100000000)
  eden space 6656K, 0% used [0x00000000d5580000,0x00000000d5580000,0x00000000d5c00000)
  from space 512K, 86% used [0x00000000d5d80000,0x00000000d5deebf8,0x00000000d5e00000)
  to   space 512K, 0% used [0x00000000d5e00000,0x00000000d5e00000,0x00000000d5e80000)
 ParOldGen       total 106496K, used 106224K [0x0000000080000000, 0x0000000086800000, 0x00000000d5580000)
  object space 106496K, 99% used [0x0000000080000000,0x00000000867bc1d0,0x0000000086800000)
 Metaspace       used 71368K, committed 72960K, reserved 1114112K
  class space    used 7384K, committed 8064K, reserved 1048576K
}
Event: 83.964 GC heap before
{Heap before GC invocations=153 (full 3):
 PSYoungGen      total 7168K, used 7098K [0x00000000d5580000, 0x00000000d5e80000, 0x0000000100000000)
  eden space 6656K, 100% used [0x00000000d5580000,0x00000000d5c00000,0x00000000d5c00000)
  from space 512K, 86% used [0x00000000d5d80000,0x00000000d5deebf8,0x00000000d5e00000)
  to   space 512K, 0% used [0x00000000d5e00000,0x00000000d5e00000,0x00000000d5e80000)
 ParOldGen       total 106496K, used 106224K [0x0000000080000000, 0x0000000086800000, 0x00000000d5580000)
  object space 106496K, 99% used [0x0000000080000000,0x00000000867bc1d0,0x0000000086800000)
 Metaspace       used 71918K, committed 73600K, reserved 1114112K
  class space    used 7481K, committed 8256K, reserved 1048576K
}
Event: 83.966 GC heap after
{Heap after GC invocations=153 (full 3):
 PSYoungGen      total 7168K, used 485K [0x00000000d5580000, 0x00000000d5e80000, 0x0000000100000000)
  eden space 6656K, 0% used [0x00000000d5580000,0x00000000d5580000,0x00000000d5c00000)
  from space 512K, 94% used [0x00000000d5e00000,0x00000000d5e79608,0x00000000d5e80000)
  to   space 512K, 0% used [0x00000000d5d80000,0x00000000d5d80000,0x00000000d5e00000)
 ParOldGen       total 106496K, used 106317K [0x0000000080000000, 0x0000000086800000, 0x00000000d5580000)
  object space 106496K, 99% used [0x0000000080000000,0x00000000867d3558,0x0000000086800000)
 Metaspace       used 71918K, committed 73600K, reserved 1114112K
  class space    used 7481K, committed 8256K, reserved 1048576K
}
Event: 84.475 GC heap before
{Heap before GC invocations=154 (full 3):
 PSYoungGen      total 7168K, used 7141K [0x00000000d5580000, 0x00000000d5e80000, 0x0000000100000000)
  eden space 6656K, 100% used [0x00000000d5580000,0x00000000d5c00000,0x00000000d5c00000)
  from space 512K, 94% used [0x00000000d5e00000,0x00000000d5e79608,0x00000000d5e80000)
  to   space 512K, 0% used [0x00000000d5d80000,0x00000000d5d80000,0x00000000d5e00000)
 ParOldGen       total 106496K, used 106317K [0x0000000080000000, 0x0000000086800000, 0x00000000d5580000)
  object space 106496K, 99% used [0x0000000080000000,0x00000000867d3558,0x0000000086800000)
 Metaspace       used 72061K, committed 73728K, reserved 1179648K
  class space    used 7484K, committed 8256K, reserved 1048576K
}
Event: 84.476 GC heap after
{Heap after GC invocations=154 (full 3):
 PSYoungGen      total 7168K, used 486K [0x00000000d5580000, 0x00000000d5e80000, 0x0000000100000000)
  eden space 6656K, 0% used [0x00000000d5580000,0x00000000d5580000,0x00000000d5c00000)
  from space 512K, 95% used [0x00000000d5d80000,0x00000000d5df9b68,0x00000000d5e00000)
  to   space 512K, 0% used [0x00000000d5e00000,0x00000000d5e00000,0x00000000d5e80000)
 ParOldGen       total 107008K, used 106593K [0x0000000080000000, 0x0000000086880000, 0x00000000d5580000)
  object space 107008K, 99% used [0x0000000080000000,0x0000000086818470,0x0000000086880000)
 Metaspace       used 72061K, committed 73728K, reserved 1179648K
  class space    used 7484K, committed 8256K, reserved 1048576K
}

