# JRE version: OpenJDK Runtime Environment Temurin-21.0.11+10 (21.0.11+10) (build 21.0.11+10-LTS)
# Java VM: OpenJDK 64-Bit Server VM Temurin-21.0.11+10 (21.0.11+10-LTS, mixed mode, sharing, tiered, compressed oops, compressed class ptrs, parallel gc, windows-amd64)
GC Precious Log:
 CardTable entry size: 512
 CPUs: 4 total, 4 available
 Memory: 16336M
 Large Page Support: Disabled
 NUMA Support: Disabled
 Compressed Oops: Enabled (32-bit)
 Alignments: Space 512K, Generation 512K, Heap 2M
 Heap Min Capacity: 100M
 Heap Initial Capacity: 100M
 Heap Max Capacity: 2G
 Pre-touch: Disabled
 Parallel Workers: 4
Heap:
 PSYoungGen      total 16896K, used 11064K [0x00000000d5580000, 0x00000000d6a80000, 0x0000000100000000)
  eden space 15360K, 64% used [0x00000000d5580000,0x00000000d5f1a138,0x00000000d6480000)
  from space 1536K, 80% used [0x00000000d6880000,0x00000000d69b4010,0x00000000d6a00000)
  to   space 512K, 0% used [0x00000000d6a00000,0x00000000d6a00000,0x00000000d6a80000)
 ParOldGen       total 68608K, used 48122K [0x0000000080000000, 0x0000000084300000, 0x00000000d5580000)
  object space 68608K, 70% used [0x0000000080000000,0x0000000082efeb58,0x0000000084300000)
 Metaspace       used 46330K, committed 47680K, reserved 1114112K
  class space    used 4983K, committed 5568K, reserved 1048576K
GC Heap History (20 events):
Event: 24.749 GC heap before
{Heap before GC invocations=18 (full 2):
 PSYoungGen      total 23552K, used 23440K [0x00000000d5580000, 0x00000000d6f80000, 0x0000000100000000)
  eden space 22016K, 100% used [0x00000000d5580000,0x00000000d6b00000,0x00000000d6b00000)
  from space 1536K, 92% used [0x00000000d6b00000,0x00000000d6c64040,0x00000000d6c80000)
  to   space 2048K, 0% used [0x00000000d6d80000,0x00000000d6d80000,0x00000000d6f80000)
 ParOldGen       total 68608K, used 22060K [0x0000000080000000, 0x0000000084300000, 0x00000000d5580000)
  object space 68608K, 32% used [0x0000000080000000,0x000000008158b180,0x0000000084300000)
 Metaspace       used 39599K, committed 40896K, reserved 1114112K
  class space    used 4157K, committed 4736K, reserved 1048576K
}
Event: 24.753 GC heap after
{Heap after GC invocations=18 (full 2):
 PSYoungGen      total 23552K, used 1440K [0x00000000d5580000, 0x00000000d6f00000, 0x0000000100000000)
  eden space 22016K, 0% used [0x00000000d5580000,0x00000000d5580000,0x00000000d6b00000)
  from space 1536K, 93% used [0x00000000d6d80000,0x00000000d6ee8000,0x00000000d6f00000)
  to   space 1536K, 0% used [0x00000000d6b00000,0x00000000d6b00000,0x00000000d6c80000)
 ParOldGen       total 68608K, used 23340K [0x0000000080000000, 0x0000000084300000, 0x00000000d5580000)
  object space 68608K, 34% used [0x0000000080000000,0x00000000816cb1c0,0x0000000084300000)
 Metaspace       used 39599K, committed 40896K, reserved 1114112K
  class space    used 4157K, committed 4736K, reserved 1048576K
}
Event: 24.905 GC heap before
{Heap before GC invocations=19 (full 2):
 PSYoungGen      total 23552K, used 23456K [0x00000000d5580000, 0x00000000d6f00000, 0x0000000100000000)
  eden space 22016K, 100% used [0x00000000d5580000,0x00000000d6b00000,0x00000000d6b00000)
  from space 1536K, 93% used [0x00000000d6d80000,0x00000000d6ee8000,0x00000000d6f00000)
  to   space 1536K, 0% used [0x00000000d6b00000,0x00000000d6b00000,0x00000000d6c80000)
 ParOldGen       total 68608K, used 23405K [0x0000000080000000, 0x0000000084300000, 0x00000000d5580000)
  object space 68608K, 34% used [0x0000000080000000,0x00000000816db4c0,0x0000000084300000)
 Metaspace       used 40501K, committed 41792K, reserved 1114112K
  class space    used 4268K, committed 4800K, reserved 1048576K
}
Event: 24.910 GC heap after
{Heap after GC invocations=19 (full 2):
 PSYoungGen      total 23552K, used 1526K [0x00000000d5580000, 0x00000000d7300000, 0x0000000100000000)
  eden space 22016K, 0% used [0x00000000d5580000,0x00000000d5580000,0x00000000d6b00000)
  from space 1536K, 99% used [0x00000000d6b00000,0x00000000d6c7d9a8,0x00000000d6c80000)
  to   space 4096K, 0% used [0x00000000d6f00000,0x00000000d6f00000,0x00000000d7300000)
 ParOldGen       total 68608K, used 25326K [0x0000000080000000, 0x0000000084300000, 0x00000000d5580000)
  object space 68608K, 36% used [0x0000000080000000,0x00000000818bb8d0,0x0000000084300000)
 Metaspace       used 40501K, committed 41792K, reserved 1114112K
  class space    used 4268K, committed 4800K, reserved 1048576K
}
Event: 25.094 GC heap before
{Heap before GC invocations=20 (full 2):
 PSYoungGen      total 23552K, used 23542K [0x00000000d5580000, 0x00000000d7300000, 0x0000000100000000)
  eden space 22016K, 100% used [0x00000000d5580000,0x00000000d6b00000,0x00000000d6b00000)
  from space 1536K, 99% used [0x00000000d6b00000,0x00000000d6c7d9a8,0x00000000d6c80000)
  to   space 4096K, 0% used [0x00000000d6f00000,0x00000000d6f00000,0x00000000d7300000)
 ParOldGen       total 68608K, used 25328K [0x0000000080000000, 0x0000000084300000, 0x00000000d5580000)
  object space 68608K, 36% used [0x0000000080000000,0x00000000818bc1a0,0x0000000084300000)
 Metaspace       used 41347K, committed 42560K, reserved 1114112K
  class space    used 4376K, committed 4928K, reserved 1048576K
}
Event: 25.099 GC heap after
{Heap after GC invocations=20 (full 2):
 PSYoungGen      total 24576K, used 2192K [0x00000000d5580000, 0x00000000d7180000, 0x0000000100000000)
  eden space 22016K, 0% used [0x00000000d5580000,0x00000000d5580000,0x00000000d6b00000)
  from space 2560K, 85% used [0x00000000d6f00000,0x00000000d7124030,0x00000000d7180000)
  to   space 3072K, 0% used [0x00000000d6b80000,0x00000000d6b80000,0x00000000d6e80000)
 ParOldGen       total 68608K, used 26821K [0x0000000080000000, 0x0000000084300000, 0x00000000d5580000)
  object space 68608K, 39% used [0x0000000080000000,0x0000000081a316f8,0x0000000084300000)
 Metaspace       used 41347K, committed 42560K, reserved 1114112K
  class space    used 4376K, committed 4928K, reserved 1048576K
}
Event: 25.237 GC heap before
{Heap before GC invocations=21 (full 2):
 PSYoungGen      total 24576K, used 24208K [0x00000000d5580000, 0x00000000d7180000, 0x0000000100000000)
  eden space 22016K, 100% used [0x00000000d5580000,0x00000000d6b00000,0x00000000d6b00000)
  from space 2560K, 85% used [0x00000000d6f00000,0x00000000d7124030,0x00000000d7180000)
  to   space 3072K, 0% used [0x00000000d6b80000,0x00000000d6b80000,0x00000000d6e80000)
 ParOldGen       total 68608K, used 26821K [0x0000000080000000, 0x0000000084300000, 0x00000000d5580000)
  object space 68608K, 39% used [0x0000000080000000,0x0000000081a316f8,0x0000000084300000)
 Metaspace       used 41969K, committed 43200K, reserved 1114112K
  class space    used 4442K, committed 4992K, reserved 1048576K
}
Event: 25.241 GC heap after
{Heap after GC invocations=21 (full 2):
 PSYoungGen      total 24576K, used 2178K [0x00000000d5580000, 0x00000000d7000000, 0x0000000100000000)
  eden space 22016K, 0% used [0x00000000d5580000,0x00000000d5580000,0x00000000d6b00000)
  from space 2560K, 85% used [0x00000000d6b80000,0x00000000d6da0800,0x00000000d6e00000)
  to   space 2048K, 0% used [0x00000000d6e00000,0x00000000d6e00000,0x00000000d7000000)
 ParOldGen       total 68608K, used 28768K [0x0000000080000000, 0x0000000084300000, 0x00000000d5580000)
  object space 68608K, 41% used [0x0000000080000000,0x0000000081c183f8,0x0000000084300000)
 Metaspace       used 41969K, committed 43200K, reserved 1114112K
  class space    used 4442K, committed 4992K, reserved 1048576K
}
Event: 25.338 GC heap before
{Heap before GC invocations=22 (full 2):
 PSYoungGen      total 24576K, used 24194K [0x00000000d5580000, 0x00000000d7000000, 0x0000000100000000)
  eden space 22016K, 100% used [0x00000000d5580000,0x00000000d6b00000,0x00000000d6b00000)
  from space 2560K, 85% used [0x00000000d6b80000,0x00000000d6da0800,0x00000000d6e00000)
  to   space 2048K, 0% used [0x00000000d6e00000,0x00000000d6e00000,0x00000000d7000000)
 ParOldGen       total 68608K, used 28768K [0x0000000080000000, 0x0000000084300000, 0x00000000d5580000)
  object space 68608K, 41% used [0x0000000080000000,0x0000000081c183f8,0x0000000084300000)
 Metaspace       used 42362K, committed 43584K, reserved 1114112K
  class space    used 4493K, committed 5056K, reserved 1048576K
}
Event: 25.344 GC heap after
{Heap after GC invocations=22 (full 2):
 PSYoungGen      total 17408K, used 2030K [0x00000000d5580000, 0x00000000d7e00000, 0x0000000100000000)
  eden space 15360K, 0% used [0x00000000d5580000,0x00000000d5580000,0x00000000d6480000)
  from space 2048K, 99% used [0x00000000d6e00000,0x00000000d6ffb9f8,0x00000000d7000000)
  to   space 9728K, 0% used [0x00000000d6480000,0x00000000d6480000,0x00000000d6e00000)
 ParOldGen       total 68608K, used 35243K [0x0000000080000000, 0x0000000084300000, 0x00000000d5580000)
  object space 68608K, 51% used [0x0000000080000000,0x000000008226af40,0x0000000084300000)
 Metaspace       used 42362K, committed 43584K, reserved 1114112K
  class space    used 4493K, committed 5056K, reserved 1048576K
}
Event: 25.396 GC heap before
{Heap before GC invocations=23 (full 2):
 PSYoungGen      total 17408K, used 17390K [0x00000000d5580000, 0x00000000d7e00000, 0x0000000100000000)
  eden space 15360K, 100% used [0x00000000d5580000,0x00000000d6480000,0x00000000d6480000)
  from space 2048K, 99% used [0x00000000d6e00000,0x00000000d6ffb9f8,0x00000000d7000000)
  to   space 9728K, 0% used [0x00000000d6480000,0x00000000d6480000,0x00000000d6e00000)
 ParOldGen       total 68608K, used 35243K [0x0000000080000000, 0x0000000084300000, 0x00000000d5580000)
  object space 68608K, 51% used [0x0000000080000000,0x000000008226af40,0x0000000084300000)
 Metaspace       used 42557K, committed 43776K, reserved 1114112K
  class space    used 4518K, committed 5056K, reserved 1048576K
}
Event: 25.400 GC heap after
{Heap after GC invocations=23 (full 2):
 PSYoungGen      total 22016K, used 6337K [0x00000000d5580000, 0x00000000d7280000, 0x0000000100000000)
  eden space 15360K, 0% used [0x00000000d5580000,0x00000000d5580000,0x00000000d6480000)
  from space 6656K, 95% used [0x00000000d6480000,0x00000000d6ab0620,0x00000000d6b00000)
  to   space 7168K, 0% used [0x00000000d6b80000,0x00000000d6b80000,0x00000000d7280000)
 ParOldGen       total 68608K, used 37303K [0x0000000080000000, 0x0000000084300000, 0x00000000d5580000)
  object space 68608K, 54% used [0x0000000080000000,0x000000008246dd20,0x0000000084300000)
 Metaspace       used 42557K, committed 43776K, reserved 1114112K
  class space    used 4518K, committed 5056K, reserved 1048576K
}
Event: 25.489 GC heap before
{Heap before GC invocations=24 (full 2):
 PSYoungGen      total 22016K, used 21508K [0x00000000d5580000, 0x00000000d7280000, 0x0000000100000000)
  eden space 15360K, 98% used [0x00000000d5580000,0x00000000d6450d08,0x00000000d6480000)
  from space 6656K, 95% used [0x00000000d6480000,0x00000000d6ab0620,0x00000000d6b00000)
  to   space 7168K, 0% used [0x00000000d6b80000,0x00000000d6b80000,0x00000000d7280000)
 ParOldGen       total 68608K, used 37303K [0x0000000080000000, 0x0000000084300000, 0x00000000d5580000)
  object space 68608K, 54% used [0x0000000080000000,0x000000008246dd20,0x0000000084300000)
 Metaspace       used 43083K, committed 44288K, reserved 1114112K
  class space    used 4577K, committed 5120K, reserved 1048576K
}
Event: 25.494 GC heap after
{Heap after GC invocations=24 (full 2):
 PSYoungGen      total 17408K, used 1920K [0x00000000d5580000, 0x00000000d6d80000, 0x0000000100000000)
  eden space 15360K, 0% used [0x00000000d5580000,0x00000000d5580000,0x00000000d6480000)
  from space 2048K, 93% used [0x00000000d6b80000,0x00000000d6d60000,0x00000000d6d80000)
  to   space 4096K, 0% used [0x00000000d6580000,0x00000000d6580000,0x00000000d6980000)
 ParOldGen       total 68608K, used 43495K [0x0000000080000000, 0x0000000084300000, 0x00000000d5580000)
  object space 68608K, 63% used [0x0000000080000000,0x0000000082a79c40,0x0000000084300000)
 Metaspace       used 43083K, committed 44288K, reserved 1114112K
  class space    used 4577K, committed 5120K, reserved 1048576K
}
Event: 25.560 GC heap before
{Heap before GC invocations=25 (full 2):
 PSYoungGen      total 17408K, used 17280K [0x00000000d5580000, 0x00000000d6d80000, 0x0000000100000000)
  eden space 15360K, 100% used [0x00000000d5580000,0x00000000d6480000,0x00000000d6480000)
  from space 2048K, 93% used [0x00000000d6b80000,0x00000000d6d60000,0x00000000d6d80000)
  to   space 4096K, 0% used [0x00000000d6580000,0x00000000d6580000,0x00000000d6980000)
 ParOldGen       total 68608K, used 43495K [0x0000000080000000, 0x0000000084300000, 0x00000000d5580000)
  object space 68608K, 63% used [0x0000000080000000,0x0000000082a79c40,0x0000000084300000)
 Metaspace       used 43593K, committed 44864K, reserved 1114112K
  class space    used 4657K, committed 5184K, reserved 1048576K
}
Event: 25.564 GC heap after
{Heap after GC invocations=25 (full 2):
 PSYoungGen      total 19456K, used 1504K [0x00000000d5580000, 0x00000000d6c00000, 0x0000000100000000)
  eden space 15360K, 0% used [0x00000000d5580000,0x00000000d5580000,0x00000000d6480000)
  from space 4096K, 36% used [0x00000000d6580000,0x00000000d66f8010,0x00000000d6980000)
  to   space 2048K, 0% used [0x00000000d6a00000,0x00000000d6a00000,0x00000000d6c00000)
 ParOldGen       total 68608K, used 45314K [0x0000000080000000, 0x0000000084300000, 0x00000000d5580000)
  object space 68608K, 66% used [0x0000000080000000,0x0000000082c40948,0x0000000084300000)
 Metaspace       used 43593K, committed 44864K, reserved 1114112K
  class space    used 4657K, committed 5184K, reserved 1048576K
}
Event: 25.611 GC heap before
{Heap before GC invocations=26 (full 2):
 PSYoungGen      total 19456K, used 16864K [0x00000000d5580000, 0x00000000d6c00000, 0x0000000100000000)
  eden space 15360K, 100% used [0x00000000d5580000,0x00000000d6480000,0x00000000d6480000)
  from space 4096K, 36% used [0x00000000d6580000,0x00000000d66f8010,0x00000000d6980000)
  to   space 2048K, 0% used [0x00000000d6a00000,0x00000000d6a00000,0x00000000d6c00000)
 ParOldGen       total 68608K, used 45314K [0x0000000080000000, 0x0000000084300000, 0x00000000d5580000)
  object space 68608K, 66% used [0x0000000080000000,0x0000000082c40948,0x0000000084300000)
 Metaspace       used 43810K, committed 45056K, reserved 1114112K
  class space    used 4681K, committed 5248K, reserved 1048576K
}
Event: 25.615 GC heap after
{Heap after GC invocations=26 (full 2):
 PSYoungGen      total 16896K, used 1432K [0x00000000d5580000, 0x00000000d6b80000, 0x0000000100000000)
  eden space 15360K, 0% used [0x00000000d5580000,0x00000000d5580000,0x00000000d6480000)
  from space 1536K, 93% used [0x00000000d6a00000,0x00000000d6b66200,0x00000000d6b80000)
  to   space 1536K, 0% used [0x00000000d6880000,0x00000000d6880000,0x00000000d6a00000)
 ParOldGen       total 68608K, used 46738K [0x0000000080000000, 0x0000000084300000, 0x00000000d5580000)
  object space 68608K, 68% used [0x0000000080000000,0x0000000082da4958,0x0000000084300000)
 Metaspace       used 43810K, committed 45056K, reserved 1114112K
  class space    used 4681K, committed 5248K, reserved 1048576K
}
Event: 26.159 GC heap before
{Heap before GC invocations=27 (full 2):
 PSYoungGen      total 16896K, used 16783K [0x00000000d5580000, 0x00000000d6b80000, 0x0000000100000000)
  eden space 15360K, 99% used [0x00000000d5580000,0x00000000d647dda8,0x00000000d6480000)
  from space 1536K, 93% used [0x00000000d6a00000,0x00000000d6b66200,0x00000000d6b80000)
  to   space 1536K, 0% used [0x00000000d6880000,0x00000000d6880000,0x00000000d6a00000)
 ParOldGen       total 68608K, used 46738K [0x0000000080000000, 0x0000000084300000, 0x00000000d5580000)
  object space 68608K, 68% used [0x0000000080000000,0x0000000082da4958,0x0000000084300000)
 Metaspace       used 45211K, committed 46464K, reserved 1114112K
  class space    used 4837K, committed 5376K, reserved 1048576K
}
Event: 26.163 GC heap after
{Heap after GC invocations=27 (full 2):
 PSYoungGen      total 16896K, used 1232K [0x00000000d5580000, 0x00000000d6a80000, 0x0000000100000000)
  eden space 15360K, 0% used [0x00000000d5580000,0x00000000d5580000,0x00000000d6480000)
  from space 1536K, 80% used [0x00000000d6880000,0x00000000d69b4010,0x00000000d6a00000)
  to   space 512K, 0% used [0x00000000d6a00000,0x00000000d6a00000,0x00000000d6a80000)
 ParOldGen       total 68608K, used 48122K [0x0000000080000000, 0x0000000084300000, 0x00000000d5580000)
  object space 68608K, 70% used [0x0000000080000000,0x0000000082efeb58,0x0000000084300000)
 Metaspace       used 45211K, committed 46464K, reserved 1114112K
  class space    used 4837K, committed 5376K, reserved 1048576K
}

