# JRE version: OpenJDK Runtime Environment Temurin-21.0.11+10 (21.0.11+10) (build 21.0.11+10-LTS)
# Java VM: OpenJDK 64-Bit Server VM Temurin-21.0.11+10 (21.0.11+10-LTS, mixed mode, sharing, tiered, compressed oops, compressed class ptrs, parallel gc, windows-amd64)
GC Precious Log:
 CardTable entry size: 512
 CPUs: 4 total, 4 available
 Memory: 16336M
 Large Page Support: Disabled
 NUMA Support: Disabled
 Compressed Oops: Enabled (32-bit)
 Alignments: Space 512K, Generation 512K, Heap 2M
 Heap Min Capacity: 100M
 Heap Initial Capacity: 100M
 Heap Max Capacity: 2G
 Pre-touch: Disabled
 Parallel Workers: 4
Heap:
 PSYoungGen      total 14336K, used 7221K [0x00000000d5580000, 0x00000000d6700000, 0x0000000100000000)
  eden space 13312K, 47% used [0x00000000d5580000,0x00000000d5bb16a8,0x00000000d6280000)
  from space 1024K, 85% used [0x00000000d6580000,0x00000000d665c030,0x00000000d6680000)
  to   space 512K, 0% used [0x00000000d6680000,0x00000000d6680000,0x00000000d6700000)
 ParOldGen       total 68608K, used 62115K [0x0000000080000000, 0x0000000084300000, 0x00000000d5580000)
  object space 68608K, 90% used [0x0000000080000000,0x0000000083ca8cc8,0x0000000084300000)
 Metaspace       used 54657K, committed 56128K, reserved 1114112K
  class space    used 5899K, committed 6528K, reserved 1048576K
GC Heap History (20 events):
Event: 10.191 GC heap before
{Heap before GC invocations=32 (full 2):
 PSYoungGen      total 14848K, used 14752K [0x00000000d5580000, 0x00000000d6600000, 0x0000000100000000)
  eden space 13824K, 100% used [0x00000000d5580000,0x00000000d6300000,0x00000000d6300000)
  from space 1024K, 90% used [0x00000000d6480000,0x00000000d6568000,0x00000000d6580000)
  to   space 512K, 0% used [0x00000000d6580000,0x00000000d6580000,0x00000000d6600000)
 ParOldGen       total 68608K, used 49633K [0x0000000080000000, 0x0000000084300000, 0x00000000d5580000)
  object space 68608K, 72% used [0x0000000080000000,0x0000000083078798,0x0000000084300000)
 Metaspace       used 48571K, committed 49792K, reserved 1114112K
  class space    used 5261K, committed 5760K, reserved 1048576K
}
Event: 10.193 GC heap after
{Heap after GC invocations=32 (full 2):
 PSYoungGen      total 14336K, used 512K [0x00000000d5580000, 0x00000000d6700000, 0x0000000100000000)
  eden space 13824K, 0% used [0x00000000d5580000,0x00000000d5580000,0x00000000d6300000)
  from space 512K, 100% used [0x00000000d6580000,0x00000000d6600000,0x00000000d6600000)
  to   space 2048K, 0% used [0x00000000d6300000,0x00000000d6300000,0x00000000d6500000)
 ParOldGen       total 68608K, used 50918K [0x0000000080000000, 0x0000000084300000, 0x00000000d5580000)
  object space 68608K, 74% used [0x0000000080000000,0x00000000831b99e8,0x0000000084300000)
 Metaspace       used 48571K, committed 49792K, reserved 1114112K
  class space    used 5261K, committed 5760K, reserved 1048576K
}
Event: 10.378 GC heap before
{Heap before GC invocations=33 (full 2):
 PSYoungGen      total 14336K, used 14260K [0x00000000d5580000, 0x00000000d6700000, 0x0000000100000000)
  eden space 13824K, 99% used [0x00000000d5580000,0x00000000d62ed130,0x00000000d6300000)
  from space 512K, 100% used [0x00000000d6580000,0x00000000d6600000,0x00000000d6600000)
  to   space 2048K, 0% used [0x00000000d6300000,0x00000000d6300000,0x00000000d6500000)
 ParOldGen       total 68608K, used 50918K [0x0000000080000000, 0x0000000084300000, 0x00000000d5580000)
  object space 68608K, 74% used [0x0000000080000000,0x00000000831b99e8,0x0000000084300000)
 Metaspace       used 50305K, committed 51584K, reserved 1114112K
  class space    used 5467K, committed 6016K, reserved 1048576K
}
Event: 10.380 GC heap after
{Heap after GC invocations=33 (full 2):
 PSYoungGen      total 14848K, used 975K [0x00000000d5580000, 0x00000000d6600000, 0x0000000100000000)
  eden space 13824K, 0% used [0x00000000d5580000,0x00000000d5580000,0x00000000d6300000)
  from space 1024K, 95% used [0x00000000d6300000,0x00000000d63f3c78,0x00000000d6400000)
  to   space 1536K, 0% used [0x00000000d6480000,0x00000000d6480000,0x00000000d6600000)
 ParOldGen       total 68608K, used 51401K [0x0000000080000000, 0x0000000084300000, 0x00000000d5580000)
  object space 68608K, 74% used [0x0000000080000000,0x00000000832326c8,0x0000000084300000)
 Metaspace       used 50305K, committed 51584K, reserved 1114112K
  class space    used 5467K, committed 6016K, reserved 1048576K
}
Event: 10.701 GC heap before
{Heap before GC invocations=34 (full 2):
 PSYoungGen      total 14848K, used 14799K [0x00000000d5580000, 0x00000000d6600000, 0x0000000100000000)
  eden space 13824K, 100% used [0x00000000d5580000,0x00000000d6300000,0x00000000d6300000)
  from space 1024K, 95% used [0x00000000d6300000,0x00000000d63f3c78,0x00000000d6400000)
  to   space 1536K, 0% used [0x00000000d6480000,0x00000000d6480000,0x00000000d6600000)
 ParOldGen       total 68608K, used 51401K [0x0000000080000000, 0x0000000084300000, 0x00000000d5580000)
  object space 68608K, 74% used [0x0000000080000000,0x00000000832326c8,0x0000000084300000)
 Metaspace       used 51448K, committed 52800K, reserved 1114112K
  class space    used 5626K, committed 6208K, reserved 1048576K
}
Event: 10.703 GC heap after
{Heap after GC invocations=34 (full 2):
 PSYoungGen      total 14848K, used 599K [0x00000000d5580000, 0x00000000d6580000, 0x0000000100000000)
  eden space 13824K, 0% used [0x00000000d5580000,0x00000000d5580000,0x00000000d6300000)
  from space 1024K, 58% used [0x00000000d6480000,0x00000000d6515db0,0x00000000d6580000)
  to   space 1024K, 0% used [0x00000000d6300000,0x00000000d6300000,0x00000000d6400000)
 ParOldGen       total 68608K, used 52141K [0x0000000080000000, 0x0000000084300000, 0x00000000d5580000)
  object space 68608K, 75% used [0x0000000080000000,0x00000000832eb5e8,0x0000000084300000)
 Metaspace       used 51448K, committed 52800K, reserved 1114112K
  class space    used 5626K, committed 6208K, reserved 1048576K
}
Event: 10.986 GC heap before
{Heap before GC invocations=35 (full 2):
 PSYoungGen      total 14848K, used 14423K [0x00000000d5580000, 0x00000000d6580000, 0x0000000100000000)
  eden space 13824K, 100% used [0x00000000d5580000,0x00000000d6300000,0x00000000d6300000)
  from space 1024K, 58% used [0x00000000d6480000,0x00000000d6515db0,0x00000000d6580000)
  to   space 1024K, 0% used [0x00000000d6300000,0x00000000d6300000,0x00000000d6400000)
 ParOldGen       total 68608K, used 52141K [0x0000000080000000, 0x0000000084300000, 0x00000000d5580000)
  object space 68608K, 75% used [0x0000000080000000,0x00000000832eb5e8,0x0000000084300000)
 Metaspace       used 52125K, committed 53440K, reserved 1114112K
  class space    used 5701K, committed 6272K, reserved 1048576K
}
Event: 10.987 GC heap after
{Heap after GC invocations=35 (full 2):
 PSYoungGen      total 14848K, used 320K [0x00000000d5580000, 0x00000000d6500000, 0x0000000100000000)
  eden space 13824K, 0% used [0x00000000d5580000,0x00000000d5580000,0x00000000d6300000)
  from space 1024K, 31% used [0x00000000d6300000,0x00000000d6350010,0x00000000d6400000)
  to   space 512K, 0% used [0x00000000d6480000,0x00000000d6480000,0x00000000d6500000)
 ParOldGen       total 68608K, used 52677K [0x0000000080000000, 0x0000000084300000, 0x00000000d5580000)
  object space 68608K, 76% used [0x0000000080000000,0x0000000083371760,0x0000000084300000)
 Metaspace       used 52125K, committed 53440K, reserved 1114112K
  class space    used 5701K, committed 6272K, reserved 1048576K
}
Event: 11.171 GC heap before
{Heap before GC invocations=36 (full 2):
 PSYoungGen      total 14848K, used 14144K [0x00000000d5580000, 0x00000000d6500000, 0x0000000100000000)
  eden space 13824K, 100% used [0x00000000d5580000,0x00000000d6300000,0x00000000d6300000)
  from space 1024K, 31% used [0x00000000d6300000,0x00000000d6350010,0x00000000d6400000)
  to   space 512K, 0% used [0x00000000d6480000,0x00000000d6480000,0x00000000d6500000)
 ParOldGen       total 68608K, used 52677K [0x0000000080000000, 0x0000000084300000, 0x00000000d5580000)
  object space 68608K, 76% used [0x0000000080000000,0x0000000083371760,0x0000000084300000)
 Metaspace       used 52900K, committed 54208K, reserved 1114112K
  class space    used 5772K, committed 6336K, reserved 1048576K
}
Event: 11.174 GC heap after
{Heap after GC invocations=36 (full 2):
 PSYoungGen      total 13824K, used 509K [0x00000000d5580000, 0x00000000d6700000, 0x0000000100000000)
  eden space 13312K, 0% used [0x00000000d5580000,0x00000000d5580000,0x00000000d6280000)
  from space 512K, 99% used [0x00000000d6480000,0x00000000d64ff5a0,0x00000000d6500000)
  to   space 2048K, 0% used [0x00000000d6280000,0x00000000d6280000,0x00000000d6480000)
 ParOldGen       total 68608K, used 53835K [0x0000000080000000, 0x0000000084300000, 0x00000000d5580000)
  object space 68608K, 78% used [0x0000000080000000,0x0000000083492c98,0x0000000084300000)
 Metaspace       used 52900K, committed 54208K, reserved 1114112K
  class space    used 5772K, committed 6336K, reserved 1048576K
}
Event: 11.245 GC heap before
{Heap before GC invocations=37 (full 2):
 PSYoungGen      total 13824K, used 13821K [0x00000000d5580000, 0x00000000d6700000, 0x0000000100000000)
  eden space 13312K, 100% used [0x00000000d5580000,0x00000000d6280000,0x00000000d6280000)
  from space 512K, 99% used [0x00000000d6480000,0x00000000d64ff5a0,0x00000000d6500000)
  to   space 2048K, 0% used [0x00000000d6280000,0x00000000d6280000,0x00000000d6480000)
 ParOldGen       total 68608K, used 53835K [0x0000000080000000, 0x0000000084300000, 0x00000000d5580000)
  object space 68608K, 78% used [0x0000000080000000,0x0000000083492c98,0x0000000084300000)
 Metaspace       used 53095K, committed 54464K, reserved 1114112K
  class space    used 5797K, committed 6400K, reserved 1048576K
}
Event: 11.247 GC heap after
{Heap after GC invocations=37 (full 2):
 PSYoungGen      total 15360K, used 2027K [0x00000000d5580000, 0x00000000d6c80000, 0x0000000100000000)
  eden space 13312K, 0% used [0x00000000d5580000,0x00000000d5580000,0x00000000d6280000)
  from space 2048K, 98% used [0x00000000d6280000,0x00000000d647ac40,0x00000000d6480000)
  to   space 5120K, 0% used [0x00000000d6780000,0x00000000d6780000,0x00000000d6c80000)
 ParOldGen       total 68608K, used 56325K [0x0000000080000000, 0x0000000084300000, 0x00000000d5580000)
  object space 68608K, 82% used [0x0000000080000000,0x00000000837017e0,0x0000000084300000)
 Metaspace       used 53095K, committed 54464K, reserved 1114112K
  class space    used 5797K, committed 6400K, reserved 1048576K
}
Event: 11.681 GC heap before
{Heap before GC invocations=38 (full 2):
 PSYoungGen      total 15360K, used 15339K [0x00000000d5580000, 0x00000000d6c80000, 0x0000000100000000)
  eden space 13312K, 100% used [0x00000000d5580000,0x00000000d6280000,0x00000000d6280000)
  from space 2048K, 98% used [0x00000000d6280000,0x00000000d647ac40,0x00000000d6480000)
  to   space 5120K, 0% used [0x00000000d6780000,0x00000000d6780000,0x00000000d6c80000)
 ParOldGen       total 68608K, used 56325K [0x0000000080000000, 0x0000000084300000, 0x00000000d5580000)
  object space 68608K, 82% used [0x0000000080000000,0x00000000837017e0,0x0000000084300000)
 Metaspace       used 54243K, committed 55616K, reserved 1114112K
  class space    used 5866K, committed 6464K, reserved 1048576K
}
Event: 11.684 GC heap after
{Heap after GC invocations=38 (full 2):
 PSYoungGen      total 15872K, used 2369K [0x00000000d5580000, 0x00000000d6a00000, 0x0000000100000000)
  eden space 13312K, 0% used [0x00000000d5580000,0x00000000d5580000,0x00000000d6280000)
  from space 2560K, 92% used [0x00000000d6780000,0x00000000d69d0528,0x00000000d6a00000)
  to   space 3584K, 0% used [0x00000000d6300000,0x00000000d6300000,0x00000000d6680000)
 ParOldGen       total 68608K, used 58302K [0x0000000080000000, 0x0000000084300000, 0x00000000d5580000)
  object space 68608K, 84% used [0x0000000080000000,0x00000000838efa90,0x0000000084300000)
 Metaspace       used 54243K, committed 55616K, reserved 1114112K
  class space    used 5866K, committed 6464K, reserved 1048576K
}
Event: 12.001 GC heap before
{Heap before GC invocations=39 (full 2):
 PSYoungGen      total 15872K, used 15681K [0x00000000d5580000, 0x00000000d6a00000, 0x0000000100000000)
  eden space 13312K, 100% used [0x00000000d5580000,0x00000000d6280000,0x00000000d6280000)
  from space 2560K, 92% used [0x00000000d6780000,0x00000000d69d0528,0x00000000d6a00000)
  to   space 3584K, 0% used [0x00000000d6300000,0x00000000d6300000,0x00000000d6680000)
 ParOldGen       total 68608K, used 58302K [0x0000000080000000, 0x0000000084300000, 0x00000000d5580000)
  object space 68608K, 84% used [0x0000000080000000,0x00000000838efa90,0x0000000084300000)
 Metaspace       used 54507K, committed 56000K, reserved 1114112K
  class space    used 5893K, committed 6528K, reserved 1048576K
}
Event: 12.005 GC heap after
{Heap after GC invocations=39 (full 2):
 PSYoungGen      total 16896K, used 832K [0x00000000d5580000, 0x00000000d6800000, 0x0000000100000000)
  eden space 13312K, 0% used [0x00000000d5580000,0x00000000d5580000,0x00000000d6280000)
  from space 3584K, 23% used [0x00000000d6300000,0x00000000d63d0020,0x00000000d6680000)
  to   space 1536K, 0% used [0x00000000d6680000,0x00000000d6680000,0x00000000d6800000)
 ParOldGen       total 68608K, used 60586K [0x0000000080000000, 0x0000000084300000, 0x00000000d5580000)
  object space 68608K, 88% used [0x0000000080000000,0x0000000083b2abc8,0x0000000084300000)
 Metaspace       used 54507K, committed 56000K, reserved 1114112K
  class space    used 5893K, committed 6528K, reserved 1048576K
}
Event: 12.464 GC heap before
{Heap before GC invocations=40 (full 2):
 PSYoungGen      total 16896K, used 14144K [0x00000000d5580000, 0x00000000d6800000, 0x0000000100000000)
  eden space 13312K, 100% used [0x00000000d5580000,0x00000000d6280000,0x00000000d6280000)
  from space 3584K, 23% used [0x00000000d6300000,0x00000000d63d0020,0x00000000d6680000)
  to   space 1536K, 0% used [0x00000000d6680000,0x00000000d6680000,0x00000000d6800000)
 ParOldGen       total 68608K, used 60586K [0x0000000080000000, 0x0000000084300000, 0x00000000d5580000)
  object space 68608K, 88% used [0x0000000080000000,0x0000000083b2abc8,0x0000000084300000)
 Metaspace       used 54603K, committed 56064K, reserved 1114112K
  class space    used 5897K, committed 6528K, reserved 1048576K
}
Event: 12.466 GC heap after
{Heap after GC invocations=40 (full 2):
 PSYoungGen      total 14336K, used 864K [0x00000000d5580000, 0x00000000d6780000, 0x0000000100000000)
  eden space 13312K, 0% used [0x00000000d5580000,0x00000000d5580000,0x00000000d6280000)
  from space 1024K, 84% used [0x00000000d6680000,0x00000000d6758020,0x00000000d6780000)
  to   space 1024K, 0% used [0x00000000d6580000,0x00000000d6580000,0x00000000d6680000)
 ParOldGen       total 68608K, used 61347K [0x0000000080000000, 0x0000000084300000, 0x00000000d5580000)
  object space 68608K, 89% used [0x0000000080000000,0x0000000083be8c28,0x0000000084300000)
 Metaspace       used 54603K, committed 56064K, reserved 1114112K
  class space    used 5897K, committed 6528K, reserved 1048576K
}
Event: 12.922 GC heap before
{Heap before GC invocations=41 (full 2):
 PSYoungGen      total 14336K, used 14176K [0x00000000d5580000, 0x00000000d6780000, 0x0000000100000000)
  eden space 13312K, 100% used [0x00000000d5580000,0x00000000d6280000,0x00000000d6280000)
  from space 1024K, 84% used [0x00000000d6680000,0x00000000d6758020,0x00000000d6780000)
  to   space 1024K, 0% used [0x00000000d6580000,0x00000000d6580000,0x00000000d6680000)
 ParOldGen       total 68608K, used 61347K [0x0000000080000000, 0x0000000084300000, 0x00000000d5580000)
  object space 68608K, 89% used [0x0000000080000000,0x0000000083be8c28,0x0000000084300000)
 Metaspace       used 54646K, committed 56128K, reserved 1114112K
  class space    used 5899K, committed 6528K, reserved 1048576K
}
Event: 12.924 GC heap after
{Heap after GC invocations=41 (full 2):
 PSYoungGen      total 14336K, used 880K [0x00000000d5580000, 0x00000000d6700000, 0x0000000100000000)
  eden space 13312K, 0% used [0x00000000d5580000,0x00000000d5580000,0x00000000d6280000)
  from space 1024K, 85% used [0x00000000d6580000,0x00000000d665c030,0x00000000d6680000)
  to   space 512K, 0% used [0x00000000d6680000,0x00000000d6680000,0x00000000d6700000)
 ParOldGen       total 68608K, used 62115K [0x0000000080000000, 0x0000000084300000, 0x00000000d5580000)
  object space 68608K, 90% used [0x0000000080000000,0x0000000083ca8cc8,0x0000000084300000)
 Metaspace       used 54646K, committed 56128K, reserved 1114112K
  class space    used 5899K, committed 6528K, reserved 1048576K
}

